{"uuid":"23314241-16e6-4b03-b5b1-71557e941dca","historyId":"a0f110098b72fb78e3149d3894558192","fullName":"org.APIAutomationFramework.tests.TestPOSTAPI.testPOSTAPI","labels":[{"name":"package","value":"org.APIAutomationFramework.tests.TestPOSTAPI"},{"name":"testClass","value":"org.APIAutomationFramework.tests.TestPOSTAPI"},{"name":"testMethod","value":"testPOSTAPI"},{"name":"parentSuite","value":"Default Suite"},{"name":"suite","value":"APIAutomatedTesting"},{"name":"subSuite","value":"org.APIAutomationFramework.tests.TestPOSTAPI"},{"name":"host","value":"MMK207"},{"name":"thread","value":"9612@MMK207.main(1)"},{"name":"framework","value":"testng"},{"name":"language","value":"java"},{"name":"epic","value":"https://mymoneykarma.atlassian.net/browse/MMK-1322?atlOrigin=eyJpIjoiYzlhYmVkOTNmYTlkNGM5ZWEyZDMwNTZkYTM0NGI4OWUiLCJwIjoiamlyYS1zbGFjay1pbnQifQ"},{"name":"severity","value":"blocker"}],"links":[],"name":"testPOSTAPI","status":"broken","statusDetails":{"known":false,"muted":false,"flaky":false,"message":"com.github.fge.jsonschema.core.exceptions.InvalidSchemaException: fatal: invalid JSON Schema, cannot continue\nSyntax errors:\n[ {\r\n  \"level\" : \"error\",\r\n  \"schema\" : {\r\n    \"loadingURI\" : \"#\",\r\n    \"pointer\" : \"\"\r\n  },\r\n  \"domain\" : \"syntax\",\r\n  \"message\" : \"JSON value is of type integer, not a JSON Schema (expected an object)\",\r\n  \"found\" : \"integer\"\r\n} ]\n    level: \"fatal\"\n","trace":"io.restassured.module.jsv.JsonSchemaValidationException: com.github.fge.jsonschema.core.exceptions.InvalidSchemaException: fatal: invalid JSON Schema, cannot continue\nSyntax errors:\n[ {\r\n  \"level\" : \"error\",\r\n  \"schema\" : {\r\n    \"loadingURI\" : \"#\",\r\n    \"pointer\" : \"\"\r\n  },\r\n  \"domain\" : \"syntax\",\r\n  \"message\" : \"JSON value is of type integer, not a JSON Schema (expected an object)\",\r\n  \"found\" : \"integer\"\r\n} ]\n    level: \"fatal\"\n\r\n\tat io.restassured.module.jsv.JsonSchemaValidator.matchesSafely(JsonSchemaValidator.java:233)\r\n\tat io.restassured.module.jsv.JsonSchemaValidator.matchesSafely(JsonSchemaValidator.java:75)\r\n\tat org.hamcrest.TypeSafeMatcher.matches(TypeSafeMatcher.java:67)\r\n\tat io.restassured.internal.assertion.BodyMatcher.validate(BodyMatcher.java:82)\r\n\tat io.restassured.internal.assertion.BodyMatcherGroup.lambda$validate$0(BodyMatcherGroup.java:30)\r\n\tat java.base/java.util.stream.ReferencePipeline$3$1.accept(ReferencePipeline.java:215)\r\n\tat java.base/java.util.ArrayList$ArrayListSpliterator.forEachRemaining(ArrayList.java:1709)\r\n\tat java.base/java.util.stream.AbstractPipeline.copyInto(AbstractPipeline.java:570)\r\n\tat java.base/java.util.stream.AbstractPipeline.wrapAndCopyInto(AbstractPipeline.java:560)\r\n\tat java.base/java.util.stream.ReduceOps$ReduceOp.evaluateSequential(ReduceOps.java:921)\r\n\tat java.base/java.util.stream.AbstractPipeline.evaluate(AbstractPipeline.java:265)\r\n\tat java.base/java.util.stream.ReferencePipeline.collect(ReferencePipeline.java:727)\r\n\tat io.restassured.internal.assertion.BodyMatcherGroup.validate(BodyMatcherGroup.java:30)\r\n\tat io.restassured.internal.assertion.BodyMatcherGroup$validate$3.call(Unknown Source)\r\n\tat io.restassured.internal.ResponseSpecificationImpl$HamcrestAssertionClosure.validate(ResponseSpecificationImpl.groovy:499)\r\n\tat io.restassured.internal.ResponseSpecificationImpl$HamcrestAssertionClosure$validate$1.call(Unknown Source)\r\n\tat io.restassured.internal.ResponseSpecificationImpl.validateResponseIfRequired(ResponseSpecificationImpl.groovy:696)\r\n\tat io.restassured.internal.ResponseSpecificationImpl.this$2$validateResponseIfRequired(ResponseSpecificationImpl.groovy)\r\n\tat java.base/jdk.internal.reflect.DirectMethodHandleAccessor.invoke(DirectMethodHandleAccessor.java:103)\r\n\tat java.base/java.lang.reflect.Method.invoke(Method.java:580)\r\n\tat org.codehaus.groovy.runtime.callsite.PlainObjectMetaMethodSite.doInvoke(PlainObjectMetaMethodSite.java:43)\r\n\tat org.codehaus.groovy.runtime.callsite.PogoMetaMethodSite$PogoCachedMethodSiteNoUnwrapNoCoerce.invoke(PogoMetaMethodSite.java:198)\r\n\tat org.codehaus.groovy.runtime.callsite.PogoMetaMethodSite.callCurrent(PogoMetaMethodSite.java:62)\r\n\tat org.codehaus.groovy.runtime.callsite.AbstractCallSite.callCurrent(AbstractCallSite.java:185)\r\n\tat io.restassured.internal.ResponseSpecificationImpl.body(ResponseSpecificationImpl.groovy:107)\r\n\tat io.restassured.internal.ValidatableResponseOptionsImpl.body(ValidatableResponseOptionsImpl.java:238)\r\n\tat org.APIAutomationFramework.tests.TestPOSTAPI.testPOSTAPI(TestPOSTAPI.java:51)\r\n\tat java.base/jdk.internal.reflect.DirectMethodHandleAccessor.invoke(DirectMethodHandleAccessor.java:103)\r\n\tat java.base/java.lang.reflect.Method.invoke(Method.java:580)\r\n\tat org.testng.internal.invokers.MethodInvocationHelper.invokeMethod(MethodInvocationHelper.java:141)\r\n\tat org.testng.internal.invokers.TestInvoker.invokeMethod(TestInvoker.java:686)\r\n\tat org.testng.internal.invokers.TestInvoker.retryFailed(TestInvoker.java:269)\r\n\tat org.testng.internal.invokers.MethodRunner.runInSequence(MethodRunner.java:76)\r\n\tat org.testng.internal.invokers.TestInvoker$MethodInvocationAgent.invoke(TestInvoker.java:992)\r\n\tat org.testng.internal.invokers.TestInvoker.invokeTestMethods(TestInvoker.java:203)\r\n\tat org.testng.internal.invokers.TestMethodWorker.invokeTestMethods(TestMethodWorker.java:154)\r\n\tat org.testng.internal.invokers.TestMethodWorker.run(TestMethodWorker.java:134)\r\n\tat java.base/java.util.ArrayList.forEach(ArrayList.java:1597)\r\n\tat org.testng.TestRunner.privateRun(TestRunner.java:739)\r\n\tat org.testng.TestRunner.run(TestRunner.java:614)\r\n\tat org.testng.SuiteRunner.runTest(SuiteRunner.java:421)\r\n\tat org.testng.SuiteRunner.runSequentially(SuiteRunner.java:413)\r\n\tat org.testng.SuiteRunner.privateRun(SuiteRunner.java:373)\r\n\tat org.testng.SuiteRunner.run(SuiteRunner.java:312)\r\n\tat org.testng.SuiteRunnerWorker.runSuite(SuiteRunnerWorker.java:52)\r\n\tat org.testng.SuiteRunnerWorker.run(SuiteRunnerWorker.java:95)\r\n\tat org.testng.TestNG.runSuitesSequentially(TestNG.java:1274)\r\n\tat org.testng.TestNG.runSuitesLocally(TestNG.java:1208)\r\n\tat org.testng.TestNG.runSuites(TestNG.java:1112)\r\n\tat org.testng.TestNG.run(TestNG.java:1079)\r\n\tat com.intellij.rt.testng.IDEARemoteTestNG.run(IDEARemoteTestNG.java:65)\r\n\tat com.intellij.rt.testng.RemoteTestNGStarter.main(RemoteTestNGStarter.java:105)\r\nCaused by: com.github.fge.jsonschema.core.exceptions.InvalidSchemaException: fatal: invalid JSON Schema, cannot continue\nSyntax errors:\n[ {\r\n  \"level\" : \"error\",\r\n  \"schema\" : {\r\n    \"loadingURI\" : \"#\",\r\n    \"pointer\" : \"\"\r\n  },\r\n  \"domain\" : \"syntax\",\r\n  \"message\" : \"JSON value is of type integer, not a JSON Schema (expected an object)\",\r\n  \"found\" : \"integer\"\r\n} ]\n    level: \"fatal\"\n\r\n\tat com.github.fge.jsonschema.processors.validation.InstanceValidator.process(InstanceValidator.java:114)\r\n\tat com.github.fge.jsonschema.processors.validation.ValidationProcessor.process(ValidationProcessor.java:56)\r\n\tat com.github.fge.jsonschema.processors.validation.ValidationProcessor.process(ValidationProcessor.java:34)\r\n\tat com.github.fge.jsonschema.core.processing.ProcessingResult.of(ProcessingResult.java:79)\r\n\tat com.github.fge.jsonschema.main.JsonSchemaImpl.doValidate(JsonSchemaImpl.java:77)\r\n\tat com.github.fge.jsonschema.main.JsonSchemaImpl.validate(JsonSchemaImpl.java:100)\r\n\tat com.github.fge.jsonschema.main.JsonSchemaImpl.validate(JsonSchemaImpl.java:110)\r\n\tat io.restassured.module.jsv.JsonSchemaValidator.matchesSafely(JsonSchemaValidator.java:227)\r\n\t... 51 more\r\n"},"stage":"finished","description":"Added the Test POST API Test Case","steps":[],"attachments":[],"parameters":[{"name":"arg1","value":"mamidi"},{"name":"arg0","value":"kiran"}],"start":1733726998201,"stop":1733726999469}